Performing system checks...

System check identified no issues (0 silenced).
March 13, 2025 - 09:32:42
Django version 4.2.16, using settings 'dashboard.settings'
Starting development server at http://0.0.0.0:8000/
Quit the server with CONTROL-C.

Performing system checks...

System check identified no issues (0 silenced).
March 13, 2025 - 09:32:56
Django version 4.2.16, using settings 'dashboard.settings'
Starting development server at http://0.0.0.0:8000/
Quit the server with CONTROL-C.

Performing system checks...

System check identified no issues (0 silenced).
March 13, 2025 - 09:32:50
Django version 4.2.16, using settings 'dashboard.settings'
Starting development server at http://0.0.0.0:8000/
Quit the server with CONTROL-C.

Performing system checks...

System check identified no issues (0 silenced).
March 13, 2025 - 09:58:15
Django version 4.2.16, using settings 'dashboard.settings'
Starting development server at http://0.0.0.0:8000/
Quit the server with CONTROL-C.

Performing system checks...

System check identified no issues (0 silenced).
March 13, 2025 - 09:58:16
Django version 4.2.16, using settings 'dashboard.settings'
Starting development server at http://0.0.0.0:8000/
Quit the server with CONTROL-C.

Performing system checks...

System check identified no issues (0 silenced).
March 13, 2025 - 09:58:16
Django version 4.2.16, using settings 'dashboard.settings'
Starting development server at http://0.0.0.0:8000/
Quit the server with CONTROL-C.

Performing system checks...

System check identified no issues (0 silenced).
March 16, 2025 - 07:36:32
Django version 4.2.16, using settings 'dashboard.settings'
Starting development server at http://0.0.0.0:8000/
Quit the server with CONTROL-C.

Performing system checks...

System check identified no issues (0 silenced).
March 16, 2025 - 07:36:32
Django version 4.2.16, using settings 'dashboard.settings'
Starting development server at http://0.0.0.0:8000/
Quit the server with CONTROL-C.

Performing system checks...

System check identified no issues (0 silenced).
March 16, 2025 - 07:36:32
Django version 4.2.16, using settings 'dashboard.settings'
Starting development server at http://0.0.0.0:8000/
Quit the server with CONTROL-C.

